
ROM used:   93/8192 (1%)
            93/8192 (1%) including unused fragments

            0.1 Average locations per line
            10.3 Average locations per statement

RAM used:   12/368 (3%) at main() level
            12/368 (3%) worst case

Stack used: 1 worst case (0 in main + 1 for interrupts)
Stack size: 8

Lines Stmts  %   Files
----- ----- ---  -----
   26     9 100  Timer 1.c
  671     0   0  ..\..\..\..\..\Program Files (x86)\PICC\Devices\16f877a.h
----- -----
  697     9 Total

Page ROM  %  RAM   Vol Diff  Functions:
---- --- --- ---   --- ----  ----------
0     14  15    0    32  1.0  timer1_interrupcion
0     30  32    0   119  2.1  MAIN
 Inline         0             @cinit1

Program metrics:
    Functions               2
    Statements              9
    Comments                119
    Volume (V)              185
    Difficulty (D)          3.0
    Effort to implement (E) 563
    Time to implement (T)   1 minutes
    Est Delivered Bugs (B)  0
    Cyclomatic Complexity   1
    Maintainability (MI)    94

 Segment     Used  Free
-----------  ----  ----
00000-00003     4  0  
00004-00030    45  0  
00031-007FF    44  1955  
00800-00FFF     0  2048  
01000-017FF     0  2048  
01800-01FFF     0  2048  



