
ROM used:   87/8192 (1%)
            87/8192 (1%) including unused fragments

            0.1 Average locations per line
            7.3 Average locations per statement

RAM used:   12/368 (3%) at main() level
            12/368 (3%) worst case

Stack used: 1 worst case (0 in main + 1 for interrupts)
Stack size: 8

Lines Stmts  %   Files
----- ----- ---  -----
   34    12 100  main.c
  639     0   0  C:\Program Files (x86)\PICC\Devices\16f877.h
----- -----
  673    12 Total

Page ROM  %  RAM   Vol Diff  Functions:
---- --- --- ---   --- ----  ----------
0     13  15    0    48  1.4  ext_isr
0     27  31    0   141  2.2  MAIN
 Inline         0             @cinit1

Program metrics:
    Functions               2
    Statements              12
    Comments                118
    Volume (V)              232
    Difficulty (D)          3.6
    Effort to implement (E) 827
    Time to implement (T)   1 minutes
    Est Delivered Bugs (B)  0
    Cyclomatic Complexity   1
    Maintainability (MI)    86

 Segment     Used  Free
-----------  ----  ----
00000-00003     4  0  
00004-0002E    43  0  
0002F-007FF    40  1961  
00800-00FFF     0  2048  
01000-017FF     0  2048  
01800-01FFF     0  2048  



