
ROM used:   1459/8192 (18%)
            1459/8192 (18%) including unused fragments

            1.5 Average locations per line
            15.2 Average locations per statement

RAM used:   14/368 (4%) at main() level
            54/368 (15%) worst case

Stack used: 5 worst case (5 in main + 0 for interrupts)
Stack size: 8

Lines Stmts  %   Files
----- ----- ---  -----
   48    22  23  PWM Motor.c
  671     0   0  ..\..\..\..\..\..\..\Program Files (x86)\PICC\Devices\16f877a.h
  263    72  75  ..\..\..\..\..\..\..\Program Files (x86)\PICC\Drivers\LCD_16X2.c
   12     2   2  ..\..\..\..\..\..\..\Program Files (x86)\PICC\Drivers\map_function.c
----- -----
  994    96 Total

Page ROM  %  RAM   Vol Diff  Functions:
---- --- --- ---   --- ----  ----------
0     20   1    1             @delay_ms1
0      8   1    0             @const621
0     46   3    1   326  2.8  lcd_send_nibble
0     39   3    3   235  3.8  lcd_send_byte
0     47   3    2   380  4.7  lcd_init
0     18   1    4   186  5.5  lcd_gotoxy
0     36   2    1   272  4.1  lcd_putc
0      1   0    0             @const641
0    446  31   24   167  5.5  map
0    321  22   16             @ADDFF
 Inline        13             @MULFF
 Inline        14             @DIVFF
0    238  16    4   734  2.9  MAIN
0     29   2    2             @ITOF
0     31   2    4             @SFTOI
0      5   0    0             @const694
0     87   6    5             @PSTRINGCN7_635
0     21   1    3             @DIV88
0     53   4    2             @PRINTF_U_635
0      9   1    0             @const703
 Inline         0             @cinit1

Program metrics:
    Functions               7
    Statements              96
    Comments                149
    Volume (V)              3498
    Difficulty (D)          26.6
    Effort to implement (E) 93121
    Time to implement (T)   1 hours, 26 minutes
    Est Delivered Bugs (B)  1
    Cyclomatic Complexity   8
    Maintainability (MI)    134

 Segment     Used  Free
-----------  ----  ----
00000-00003     4  0  
00004-007FF  1455  589  
00800-00FFF     0  2048  
01000-017FF     0  2048  
01800-01FFF     0  2048  



