
ROM used:   1484/8192 (18%)
            1484/8192 (18%) including unused fragments

            1.2 Average locations per line
            11.2 Average locations per statement

RAM used:   22/368 (6%) at main() level
            74/368 (20%) worst case

Stack used: 9 worst case (4 in main + 5 for interrupts)
Stack size: 8

Lines Stmts  %   Files
----- ----- ---  -----
  111    49  37  main.c
  639     0   0  C:\Program Files (x86)\PICC\Devices\16f877.h
  456    84  63  C:\Program Files (x86)\PICC\Drivers\lcd.c
----- -----
 1206   133 Total

Page ROM  %  RAM   Vol Diff  Functions:
---- --- --- ---   --- ----  ----------
 Inline         1             @delay_ms1
 Inline         3   596  5.9  lcd_read_byte
 Inline         0    59  4.2  lcd_read_nibble
 Inline         1   179  3.3  lcd_send_nibble
0     92   6    3   460  4.7  lcd_send_byte
0    124   8    6   814  7.2  lcd_init
0     18   1    4   208  6.3  lcd_gotoxy
0     56   4    1   354  4.7  lcd_putc
0     45   3    0   243  2.2  ext_isr
0      5   0    0   303  2.3  @const656
0     86   6    4   214  4.0  @PSTRINGC7_641
0     13   1    0   303  2.3  @const658
0    276  19    1   769  4.8  TIMER1_isr
 Inline         2   407  2.3  @ITOF
0      5   0    0   303  2.3  @const662
0      5   0    0   303  2.3  @const663
0     87   6    5             @PSTRINGCN7_641
 Inline        13   777  4.8  @MULFF
 Inline         5   303  2.3  @FTOSD
0     79   5   13   226  2.3  @DIV3232
0    339  23   13   303  2.3  @PRINTF_L32D_641FPFPF
 Inline        10             @FLT
0      8   1    0             @const680
0      5   0    0             @const681
0      5   0    0             @const682
0     11   1    0             @const683
0    127   9    0   394  2.3  MAIN
0      5   0    0             @const687
0      5   0    0             @const688
 Inline         0             @cinit1

Program metrics:
    Functions               20
    Statements              133
    Comments                217
    Volume (V)              13316
    Difficulty (D)          69.0
    Effort to implement (E) 919339
    Time to implement (T)   14 hours, 11 minutes
    Est Delivered Bugs (B)  3
    Cyclomatic Complexity   14
    Maintainability (MI)    60

 Segment     Used  Free
-----------  ----  ----
00000-00003     4  0  
00004-00057    84  0  
00058-007FF  1396  564  
00800-00FFF     0  2048  
01000-017FF     0  2048  
01800-01FFF     0  2048  



